<?xml version="1.0" encoding="UTF-8"?>
<!-- Generated by org.testng.reporters.JUnitReportReporter -->
<testsuite hostname="srmtech-vdi422" failures="0" tests="3" name="com.qa.pcs.test.LoginPageTest" time="1.594" errors="0" timestamp="2022-04-19T14:36:08 IST" skipped="0">
  <testcase classname="com.qa.pcs.test.LoginPageTest" name="titleTest" time="0.010"/>
  <system-out/>
  <testcase classname="com.qa.pcs.test.LoginPageTest" name="loginTest" time="1.439"/>
  <system-out/>
  <testcase classname="com.qa.pcs.test.LoginPageTest" name="forgotPasswordLinkTest" time="0.145"/>
  <system-out/>
</testsuite> <!-- com.qa.pcs.test.LoginPageTest -->
