<?xml version="1.0" encoding="UTF-8"?>
<!-- Generated by org.testng.reporters.JUnitReportReporter -->
<testsuite hostname="srmtech-vdi422" failures="0" tests="1" name="com.qa.pcs.test.ForgotPassowrdPageTest" time="3.860" errors="0" timestamp="2022-04-19T14:36:08 IST" skipped="0">
  <testcase classname="com.qa.pcs.test.ForgotPassowrdPageTest" name="passwordResetTest" time="3.860"/>
  <system-out/>
</testsuite> <!-- com.qa.pcs.test.ForgotPassowrdPageTest -->
