<?xml version="1.0" encoding="UTF-8"?>
<!-- Generated by org.testng.reporters.JUnitReportReporter -->
<testsuite hostname="srmtech-vdi422" failures="0" tests="2" name="com.qa.pcs.test.UsermanagementPageTest" time="10.668" errors="0" timestamp="2022-04-19T15:40:44 IST" skipped="0">
  <testcase classname="com.qa.pcs.test.UsermanagementPageTest" name="userCreationTest" time="5.218"/>
  <system-out/>
  <testcase classname="com.qa.pcs.test.UsermanagementPageTest" name="userCreationTest" time="5.450"/>
  <system-out/>
</testsuite> <!-- com.qa.pcs.test.UsermanagementPageTest -->
