<?xml version="1.0" encoding="UTF-8"?>
<!-- Generated by org.testng.reporters.JUnitReportReporter -->
<testsuite skipped="0" hostname="srmtech-vdi422" name="com.qa.pcs.test.ForgotPassowrdPageTest" tests="1" failures="0" timestamp="2022-04-22T17:01:06 IST" time="3.324" errors="0">
  <testcase name="passwordResetTest" time="3.324" classname="com.qa.pcs.test.ForgotPassowrdPageTest"/>
  <system-out/>
</testsuite> <!-- com.qa.pcs.test.ForgotPassowrdPageTest -->
