<?xml version="1.0" encoding="UTF-8"?>
<!-- Generated by org.testng.reporters.JUnitReportReporter -->
<testsuite hostname="srmtech-vdi422" failures="0" tests="1" name="com.qa.pcs.test.storeMaintenancePageTest" time="2.256" errors="0" timestamp="2022-04-04T11:39:10 IST" skipped="0">
  <testcase classname="com.qa.pcs.test.storeMaintenancePageTest" name="storeCreationTest" time="2.256"/>
  <system-out/>
</testsuite> <!-- com.qa.pcs.test.storeMaintenancePageTest -->
