<?xml version="1.0" encoding="UTF-8"?>
<!-- Generated by org.testng.reporters.JUnitReportReporter -->
<testsuite skipped="0" hostname="srmtech-vdi422" name="com.qa.pcs.test.EnrollmentUploadPageTest" tests="1" failures="0" timestamp="2022-04-27T14:03:42 IST" time="4.601" errors="0">
  <testcase name="enrollmentUploadTest" time="4.601" classname="com.qa.pcs.test.EnrollmentUploadPageTest"/>
  <system-out/>
</testsuite> <!-- com.qa.pcs.test.EnrollmentUploadPageTest -->
