<?xml version="1.0" encoding="UTF-8"?>
<!-- Generated by org.testng.reporters.JUnitReportReporter -->
<testsuite hostname="srmtech-vdi422" failures="0" tests="1" name="testPackage.TestClass2" time="0.010" errors="0" timestamp="2022-03-30T14:10:06 IST" skipped="0">
  <testcase classname="testPackage.TestClass2" name="displayData" time="0.010"/>
  <system-out/>
</testsuite> <!-- testPackage.TestClass2 -->
