<?xml version="1.0" encoding="UTF-8"?>
<!-- Generated by org.testng.reporters.JUnitReportReporter -->
<testsuite skipped="0" hostname="srmtech-vdi422" name="com.qa.pcs.test.LoginPageTest" tests="3" failures="0" timestamp="2022-04-27T14:03:42 IST" time="1.603" errors="0">
  <testcase name="loginTest" time="1.441" classname="com.qa.pcs.test.LoginPageTest"/>
  <system-out/>
  <testcase name="forgotPasswordLinkTest" time="0.137" classname="com.qa.pcs.test.LoginPageTest"/>
  <system-out/>
  <testcase name="titleTest" time="0.025" classname="com.qa.pcs.test.LoginPageTest"/>
  <system-out/>
</testsuite> <!-- com.qa.pcs.test.LoginPageTest -->
