<?xml version="1.0" encoding="UTF-8"?>
<!-- Generated by org.testng.reporters.JUnitReportReporter -->
<testsuite hostname="srmtech-vdi422" failures="0" tests="1" name="com.qa.pcs.base.BaseClass" time="7.304" errors="0" timestamp="2022-03-21T16:31:22 IST" skipped="0">
  <testcase classname="com.qa.pcs.base.BaseClass" name="doApplicationLaunch" time="7.304"/>
  <system-out/>
</testsuite> <!-- com.qa.pcs.base.BaseClass -->
