<?xml version="1.0" encoding="UTF-8"?>
<!-- Generated by org.testng.reporters.JUnitReportReporter -->
<testsuite hostname="srmtech-vdi422" failures="0" tests="1" name="com.qa.pcs.test.EnrollmentUploadPageTest" time="5.568" errors="0" timestamp="2022-04-06T13:40:44 IST" skipped="0">
  <testcase classname="com.qa.pcs.test.EnrollmentUploadPageTest" name="enrollmentUploadTest" time="5.568"/>
  <system-out/>
</testsuite> <!-- com.qa.pcs.test.EnrollmentUploadPageTest -->
